****** Running generation 0 ******
Population's average fitness: -8.40811 stdev: 1.66041
Best fitness: 6.83400 - size: (7, 122) - species 1 - id 266
Average adjusted fitness: 0.664
Mean genetic distance 2.470, standard deviation 0.225
Population of 500 members in 1 species:
ID   age  size  fitness  adj fit  stag
====  ===  ====  =======  =======  ====
1    0   500      6.8    0.664     0
Total extinctions: 0
Generation time: 1.901 sec
****** Running generation 1 ******
Population's average fitness: -8.62100 stdev: 4.09320
Best fitness: -0.85800 - size: (7, 121) - species 1 - id 855
Average adjusted fitness: 0.891
Mean genetic distance 2.786, standard deviation 0.300
Population of 500 members in 6 species:
ID   age  size  fitness  adj fit  stag
====  ===  ====  =======  =======  ====
1    1    62     -0.9    0.891     1
2    0   106       --       --     0
3    0   200       --       --     0
4    0    36       --       --     0
5    0    94       --       --     0
6    0     2       --       --     0
Total extinctions: 0
Generation time: 2.096 sec (1.998 average)
****** Running generation 2 ******
Population's average fitness: -8.63515 stdev: 4.83794
Best fitness: 4.48200 - size: (7, 121) - species 3 - id 1337
Average adjusted fitness: 0.830
Mean genetic distance 2.863, standard deviation 0.334
Population of 500 members in 6 species:
ID   age  size  fitness  adj fit  stag
====  ===  ====  =======  =======  ====
1    2   391      3.3    0.836     2
2    1     8     -4.7    0.831     0
3    1    21      4.5    0.818     0
4    1    26     -3.3    0.833     0
5    1    16      3.4    0.826     0
6    1    38     -7.5    0.834     0
Total extinctions: 0
Generation time: 2.309 sec (2.102 average)
****** Running generation 3 ******
Population's average fitness: -8.61382 stdev: 4.17281
Best fitness: 3.54800 - size: (7, 119) - species 1 - id 1749
Average adjusted fitness: 0.728
Mean genetic distance 2.787, standard deviation 0.396
Population of 500 members in 7 species:
ID   age  size  fitness  adj fit  stag
====  ===  ====  =======  =======  ====
1    3    34      3.5    0.725     3
2    2   151     -6.8    0.738     1
3    2    40     -6.6    0.735     1
4    2   114     -6.7    0.703     1
5    2    93     -6.3    0.738     1
6    2    62     -7.1    0.726     0
7    0     6       --       --     0
Total extinctions: 0
Generation time: 2.314 sec (2.155 average)
****** Running generation 4 ******
Population's average fitness: -8.46960 stdev: 3.82164
Best fitness: -2.22400 - size: (6, 97) - species 5 - id 2179
Average adjusted fitness: 0.823
Mean genetic distance 2.810, standard deviation 0.339
Population of 499 members in 7 species:
ID   age  size  fitness  adj fit  stag
====  ===  ====  =======  =======  ====
1    4    41     -5.5    0.853     4
2    3    49     -3.8    0.840     0
3    3   329     -4.0    0.835     2
4    3     8     -3.9    0.840     2
5    3    21     -2.2    0.833     2
6    3    45     -4.8    0.841     0
7    1     6     -7.3    0.720     0
Total extinctions: 0
Generation time: 2.239 sec (2.172 average)
****** Running generation 5 ******
Population's average fitness: -8.37453 stdev: 3.75537
Best fitness: 18.83200 - size: (6, 98) - species 3 - id 2489
Average adjusted fitness: 0.530
Mean genetic distance 2.774, standard deviation 0.432
Population of 499 members in 9 species:
ID   age  size  fitness  adj fit  stag
====  ===  ====  =======  =======  ====
1    5    32     -6.4    0.520     5
2    4    85     -4.7    0.549     1
3    4    71     18.8    0.547     0
4    4    57     -7.8    0.475     3
5    4   120      2.1    0.530     3
6    4    59     -1.5    0.546     0
7    2    52     -7.5    0.545     1
8    0    21       --       --     0
9    0     2       --       --     0
Total extinctions: 0
Generation time: 2.192 sec (2.175 average)
****** Running generation 6 ******
Population's average fitness: -7.91350 stdev: 1.88356
Best fitness: -1.29800 - size: (5, 78) - species 5 - id 3233
Average adjusted fitness: 0.826
Mean genetic distance 2.861, standard deviation 0.429
Population of 499 members in 9 species:
ID   age  size  fitness  adj fit  stag
====  ===  ====  =======  =======  ====
1    6    38     -4.2    0.824     6
2    5   134     -2.4    0.823     0
3    5    19     -2.9    0.830     1
4    5   103     -3.4    0.825     4
5    5    28     -1.3    0.828     4
6    5    55     -4.0    0.834     1
7    3    54     -4.5    0.842     0
8    1    38     -5.3    0.828     0
9    1    30     -8.9    0.803     0
Total extinctions: 0
Generation time: 2.159 sec (2.173 average)
****** Running generation 7 ******
Population's average fitness: -8.51712 stdev: 6.04827
Best fitness: 7.78600 - size: (8, 99) - species 4 - id 3930
Average adjusted fitness: 0.792
Mean genetic distance 2.826, standard deviation 0.402
Population of 500 members in 9 species:
ID   age  size  fitness  adj fit  stag
====  ===  ====  =======  =======  ====
1    7    33     -3.0    0.802     7
2    6    59     -0.8    0.800     0
3    6    63     -5.0    0.766     2
4    6    62      7.8    0.805     0
5    6    30     -5.6    0.786     5
6    6    63      0.5    0.810     0
7    4    88     -3.9    0.777     0
8    2    50     -6.3    0.782     1
9    2    52      0.6    0.802     0
Total extinctions: 0
Generation time: 2.353 sec (2.195 average)
****** Running generation 8 ******
Population's average fitness: -8.40954 stdev: 5.96323
Best fitness: -1.04600 - size: (6, 82) - species 3 - id 4131
Species 1 with 33 members is stagnated: removing it
Average adjusted fitness: 0.900
Mean genetic distance 2.798, standard deviation 0.427
Population of 501 members in 8 species:
ID   age  size  fitness  adj fit  stag
====  ===  ====  =======  =======  ====
2    7     8     -1.4    0.908     1
3    7   248     -1.0    0.896     3
4    7     9     -1.3    0.890     1
5    7    38     -1.9    0.903     6
6    7    57     -4.6    0.903     1
7    5    41     -2.2    0.898     0
8    3    49     -4.5    0.896     0
9    3    51     -2.5    0.903     1
Total extinctions: 0
Generation time: 2.322 sec (2.209 average)
****** Running generation 9 ******
Population's average fitness: -8.19445 stdev: 4.58016
Best fitness: 4.08800 - size: (5, 78) - species 3 - id 4736
Average adjusted fitness: 0.832
Mean genetic distance 2.760, standard deviation 0.467
Population of 499 members in 8 species:
ID   age  size  fitness  adj fit  stag
====  ===  ====  =======  =======  ====
2    8    39     -6.2    0.837     2
3    8    10      4.1    0.834     4
4    8   246     -0.1    0.849     2
5    8    48     -5.6    0.826     7
6    8    39     -1.2    0.839     2
7    6    40     -1.9    0.814     0
8    4    47     -5.8    0.825     1
9    4    30     -2.4    0.837     2
Total extinctions: 0
Generation time: 2.245 sec (2.213 average)
****** Running generation 10 ******
Population's average fitness: -7.91569 stdev: 3.82781
Best fitness: 4.92600 - size: (7, 95) - species 4 - id 5418
Average adjusted fitness: 0.721
Mean genetic distance 2.784, standard deviation 0.505
Population of 500 members in 8 species:
ID   age  size  fitness  adj fit  stag
====  ===  ====  =======  =======  ====
2    9    56     -3.7    0.727     3
3    9   112     -7.2    0.715     5
4    9    27      4.9    0.716     3
5    9    59     -0.5    0.730     8
6    9    61     -1.9    0.711     3
7    7    70     -2.1    0.716     1
8    5    53     -5.9    0.716     2
9    5    62     -3.9    0.734     3
Total extinctions: 0
Generation time: 2.235 sec (2.246 average)
****** Running generation 11 ******
